{"9f24f0c9910de173d1863d1c66e6b819":{"statistic":{"failed":0,"broken":2,"skipped":4,"passed":2,"unknown":0,"total":8},"items":[{"uid":"fd00667402c51803","status":"passed","time":{"start":1759656120161,"stop":1759656244303,"duration":124142}},{"uid":"98d8874240a468c4","status":"passed","time":{"start":1759655308866,"stop":1759655407822,"duration":98956}},{"uid":"a21b3be183cc90bc","status":"broken","statusDetails":"Root cause: \"org.openqa.selenium.WebDriverException: Error: Address rejected\"","time":{"start":1759654061930,"stop":1759654133830,"duration":71900}},{"uid":"187040244d2930a4","status":"skipped","statusDetails":"Expected condition failed: waiting for presence of element located by: By.xpath: (//span[contains(text(),'Account')])[1] (tried for 10 second(s) with 100 milliseconds interval)","time":{"start":1759653683821,"stop":1759653683891,"duration":70}},{"uid":"6062351ca5e90ee7","status":"skipped","statusDetails":"Expected condition failed: waiting for visibility of element located by By.xpath: (//span[contains(text(),'Account')])[1] (tried for 10 second(s) with 100 milliseconds interval)\nBuild info: version: '4.35.0', revision: '1c58e5028b'\nSystem info: os.name: 'Windows 10', os.arch: 'amd64', os.version: '10.0', java.version: '21.0.1'\nDriver info: driver.version: unknown","time":{"start":1759653219266,"stop":1759653219342,"duration":76}},{"uid":"3a8015df688952c1","status":"broken","statusDetails":"Root cause: \"org.openqa.selenium.ElementClickInterceptedException: element click intercepted: Element is not clickable at point (891, 2016)\"","time":{"start":1759652877941,"stop":1759652988313,"duration":110372}},{"uid":"1ef3209f48ee67c7","status":"skipped","statusDetails":"Failed to identify unique element using this locator \"By.xpath: //div[@class='container relative']//button[not(contains(@type,'submit'))]/span[contains(text(),'INTL')]\" Root cause: \"org.openqa.selenium.StaleElementReferenceException: stale element reference: stale element not found in the current frame\"","time":{"start":1759652449439,"stop":1759652449487,"duration":48}},{"uid":"fb5c026fdca1959d","status":"skipped","statusDetails":"Failed to identify unique element using this locator \"By.xpath: (//span[contains(text(),'Account')])[1]\" Root cause: \"org.openqa.selenium.NoSuchElementException: no such element: Unable to locate element: {\"method\":\"xpath\",\"selector\":\"(//span[contains(text(),'Account')])[1]\"}\"","time":{"start":1759652123019,"stop":1759652123078,"duration":59}}]},"d7def657c5dcd1c1eab40be34cedcadf":{"statistic":{"failed":0,"broken":4,"skipped":0,"passed":0,"unknown":0,"total":4},"items":[{"uid":"7d0f165dd34f1f25","status":"broken","statusDetails":"Expected condition failed: waiting for presence of element located by: By.xpath: (//span[contains(text(),'Account')])[1] (tried for 10 second(s) with 100 milliseconds interval)","time":{"start":1759653683679,"stop":1759653683690,"duration":11}},{"uid":"f56cb5e6c48be21a","status":"broken","statusDetails":"Expected condition failed: waiting for visibility of element located by By.xpath: (//span[contains(text(),'Account')])[1] (tried for 10 second(s) with 100 milliseconds interval)\nBuild info: version: '4.35.0', revision: '1c58e5028b'\nSystem info: os.name: 'Windows 10', os.arch: 'amd64', os.version: '10.0', java.version: '21.0.1'\nDriver info: driver.version: unknown","time":{"start":1759653219135,"stop":1759653219145,"duration":10}},{"uid":"5c11dec57158fb45","status":"broken","statusDetails":"Failed to identify unique element using this locator \"By.xpath: //div[@class='container relative']//button[not(contains(@type,'submit'))]/span[contains(text(),'INTL')]\" Root cause: \"org.openqa.selenium.StaleElementReferenceException: stale element reference: stale element not found in the current frame\"","time":{"start":1759652449287,"stop":1759652449308,"duration":21}},{"uid":"ccc345cb54eeda14","status":"broken","statusDetails":"Failed to identify unique element using this locator \"By.xpath: (//span[contains(text(),'Account')])[1]\" Root cause: \"org.openqa.selenium.NoSuchElementException: no such element: Unable to locate element: {\"method\":\"xpath\",\"selector\":\"(//span[contains(text(),'Account')])[1]\"}\"","time":{"start":1759652122672,"stop":1759652122700,"duration":28}}]}}